<?xml version="1.0" encoding="UTF-8"?>
<testsuite xmlns:xsi="http://www.w3.org/2001/XMLSchema-instance" xsi:noNamespaceSchemaLocation="https://maven.apache.org/surefire/maven-surefire-plugin/xsd/surefire-test-report.xsd" version="3.0.2" name="com.example.sampleinfo.SampleInfoApplicationTests" time="3.849" tests="1" errors="0" skipped="0" failures="0">
  <properties>
[...]
</properties>
  <testcase name="contextLoads" classname="com.example.sampleinfo.SampleInfoApplicationTests" time="0.826">
    <system-out><![CDATA[08:49:42.136 [main] INFO org.springframework.test.context.support.AnnotationConfigContextLoaderUtils -- Could not detect default configuration classes for test class [com.example.sampleinfo.SampleInfoApplicationTests]: SampleInfoApplicationTests does not declare any static, non-private, non-final, nested classes annotated with @Configuration.
08:49:42.287 [main] INFO org.springframework.boot.test.context.SpringBootTestContextBootstrapper -- Found @SpringBootConfiguration com.example.sampleinfo.SampleInfoApplication for test class com.example.sampleinfo.SampleInfoApplicationTests

  .   ____          _            __ _ _
 /\\ / ___'_ __ _ _(_)_ __  __ _ \ \ \ \
( ( )\___ | '_ | '_| | '_ \/ _` | \ \ \ \
 \\/  ___)| |_)| | | | | || (_| |  ) ) ) )
  '  |____| .__|_| |_|_| |_\__, | / / / /
 =========|_|==============|___/=/_/_/_/

 :: Spring Boot ::                (v3.5.0)

2025-05-24T08:49:43.017+05:30  INFO 29680 --- [sample-info] [           main] c.e.s.SampleInfoApplicationTests         : Starting SampleInfoApplicationTests using Java 17.0.11 with PID 29680 (started by sunee in C:\Users\sunee\Desktop\practice\sample-info)
2025-05-24T08:49:43.018+05:30  INFO 29680 --- [sample-info] [           main] c.e.s.SampleInfoApplicationTests         : No active profile set, falling back to 1 default profile: "default"
2025-05-24T08:49:44.973+05:30  INFO 29680 --- [sample-info] [           main] c.e.s.SampleInfoApplicationTests         : Started SampleInfoApplicationTests in 2.497 seconds (process running for 3.826)
]]></system-out>
  </testcase>
</testsuite>